<?xml version="1.0" encoding="UTF-8"?>
<!-- Generated by org.testng.reporters.JUnitReportReporter -->
<testsuite ignored="0" hostname="LTIN441493" failures="0" tests="4" name="hackthonproj_setup.hackthonproj_setUp" time="65.946" errors="0" timestamp="28 Jul 2023 10:08:59 GMT" skipped="0">
  <testcase classname="hackthonproj_setup.hackthonproj_setUp" name="details" time="11.630"/>
  <testcase classname="hackthonproj_setup.hackthonproj_setUp" name="boofshelves" time="29.103"/>
  <testcase classname="hackthonproj_setup.hackthonproj_setUp" name="beingAtHome" time="11.289"/>
  <testcase classname="hackthonproj_setup.hackthonproj_setUp" name="giftcards" time="13.924"/>
</testsuite> <!-- hackthonproj_setup.hackthonproj_setUp -->
